0	0
27	1
27	2
27	3
27	4
27	5
27	6
27	7
28	8
28	9
28	10
29	11
29	12
30	13
31	14
31	15
32	16
32	17
32	18
32	19
32	20
32	21
33	22
33	23
33	24
34	25
34	26
34	27
34	28
34	29
34	30
35	31
36	32
37	33
37	34
38	35
39	36
39	37
39	38
39	39
39	40
40	41
42	42
42	43
42	44
42	45
42	46
42	47
42	48
42	49
42	50
42	51
43	52
43	53
44	54
45	55
46	56
48	57
49	58
50	59
51	60
52	61
431	62
431	63
432	64
433	65
434	66
543	67
547	68
551	69
552	70
554	71
637	72
639	73
640	74
640	75
641	76
643	77
856	78
861	79
863	80
865	81
866	82
869	83
870	84
917	85
919	86
920	87
922	88
930	89
1131	90
1134	91
1136	92
1137	93
1138	94
1140	95
1141	96
1241	97
1242	98
1243	99
1244	100
1246	101
1269	102
1269	103
1270	104
1270	105
1271	106
1275	107
1275	108
1275	109
1275	110
1276	111
1649	112
1650	113
1650	114
1650	115
1650	116
1735	117
1738	118
1740	119
1740	120
1740	121
2162	122
2162	123
2162	124
2166	125
2166	126
2166	127
2293	128
2295	129
2296	130
2297	131
2298	132
2323	133
2328	134
2328	135
2329	136
2330	137
2656	138
2657	139
2658	140
2658	141
2659	142
2659	143
2659	144
2659	145
2709	146
2711	147
2712	148
2715	149
2717	150
2718	151
2726	152
2729	153
2729	154
2730	155
2730	156
2730	157
2962	158
2963	159
2964	160
2964	161
2966	162
3108	163
3114	164
3116	165
3117	166
3118	167
3484	168
3497	169
3498	170
3499	171
3500	172
3564	173
3565	174
3566	175
3567	176
3569	177
3580	178
3582	179
3584	180
3592	181
3597	182
3796	183
3800	184
3805	185
3808	186
3810	187
3844	188
3844	189
3845	190
3850	191
3852	192
3853	193
3853	194
3941	195
3947	196
3952	197
3955	198
3958	199
4620	200
4623	201
4627	202
4634	203
4636	204
4649	205
4650	206
4651	207
4652	208
4656	209
5021	210
5023	211
5026	212
5028	213
5031	214
5234	215
5239	216
5241	217
5243	218
5243	219
5350	220
5352	221
5354	222
5355	223
5356	224
5356	225
5357	226
5424	227
5440	228
5444	229
5453	230
5464	231
5760	232
5762	233
5786	234
5786	235
5786	236
6125	237
6128	238
6130	239
6133	240
6140	241
6142	242
6166	243
6177	244
6181	245
6184	246
6262	247
6263	248
6271	249
6281	250
6283	251
6359	252
6360	253
6364	254
6368	255
6369	256
6372	257
6463	258
6504	259
6505	260
6506	261
6518	262
7092	263
7095	264
7109	265
7118	266
7135	267
7358	268
7375	269
7376	270
7377	271
7379	272
7691	273
7699	274
7700	275
7701	276
7702	277
7703	278
7870	279
7875	280
7876	281
7876	282
7876	283
7876	284
7922	285
7941	286
7943	287
7945	288
7948	289
7950	290
7951	291
8385	292
8391	293
8391	294
8391	295
8391	296
8651	297
8652	298
8654	299
8654	300
8655	301
8743	302
8750	303
8761	304
8762	305
8764	306
9093	307
9096	308
9100	309
9107	310
9113	311
9414	312
9422	313
9425	314
9425	315
9425	316
9539	317
9540	318
9540	319
9540	320
9541	321
9995	322
9998	323
10000	324
10000	325
10003	326
10006	327
10008	328
10009	329
10012	330
10014	331
10452	332
10454	333
10458	334
10472	335
10474	336
10568	337
10570	338
10571	339
10578	340
10582	341
11046	342
11049	343
11050	344
11052	345
11053	346
11240	347
11240	348
11240	349
11241	350
11241	351
11439	352
11439	353
11439	354
11439	355
11439	356
11521	357
11529	358
11531	359
11539	360
11562	361
11670	362
11672	363
11674	364
11686	365
11691	366
11988	367
12004	368
12017	369
12021	370
12048	371
13086	372
13089	373
13091	374
13106	375
13110	376
13119	377
13130	378
13153	379
13164	380
13181	381
13185	382
13194	383
13456	384
13477	385
13549	386
13599	387
13609	388
14031	389
14031	390
14032	391
14033	392
14048	393
14102	394
14121	395
14126	396
14139	397
14140	398
14316	399
14326	400
14328	401
14333	402
14335	403
15308	404
15313	405
15315	406
15321	407
15322	408
15324	409
15335	410
15337	411
15345	412
15352	413
15354	414
15357	415
16034	416
16059	417
16060	418
16061	419
16063	420
16678	421
16680	422
16687	423
16704	424
16708	425
16968	426
16973	427
16976	428
16980	429
16983	430
18098	431
18099	432
18101	433
18125	434
18127	435
18154	436
18218	437
18260	438
18272	439
18277	440
18288	441
18508	442
18523	443
18544	444
18548	445
18587	446
20288	447
20289	448
20289	449
20289	450
20289	451
20562	452
20565	453
20574	454
20579	455
20610	456
20740	457
20766	458
20776	459
20784	460
20792	461
20820	462
20867	463
20891	464
20994	465
21001	466
21034	467
21058	468
21064	469
21066	470
21070	471
22569	472
22580	473
22581	474
22582	475
22590	476
23679	477
23679	478
23679	479
23679	480
23679	481
23932	482
23937	483
23939	484
23953	485
23960	486
25058	487
25064	488
25064	489
25067	490
25068	491
25069	492
25596	493
25599	494
25606	495
25633	496
25638	497
25951	498
25951	499
25952	500
25952	501
25953	502
26034	503
26035	504
26037	505
26037	506
26039	507
26118	508
26136	509
26140	510
26141	511
26144	512
26285	513
26302	514
26303	515
26304	516
26305	517
27794	518
27796	519
27799	520
27804	521
27813	522
27819	523
27979	524
27981	525
27989	526
27993	527
27994	528
28404	529
28405	530
28407	531
28415	532
28418	533
28816	534
28821	535
28824	536
28835	537
28837	538
29006	539
29012	540
29105	541
29115	542
29121	543
30369	544
30372	545
30382	546
30386	547
30388	548
30390	549
30403	550
31012	551
31015	552
31018	553
31024	554
31025	555
31168	556
31176	557
31183	558
31187	559
31193	560
31229	561
31235	562
31237	563
31254	564
31265	565
31285	566
31656	567
31658	568
31677	569
31681	570
31702	571
32955	572
32955	573
32955	574
32956	575
32957	576
32985	577
33003	578
33007	579
33012	580
33016	581
33222	582
33225	583
33225	584
33225	585
33226	586
33226	587
33226	588
33226	589
33227	590
33229	591
33826	592
33827	593
33828	594
33829	595
33830	596
33832	597
34389	598
34390	599
34390	600
34390	601
34401	602
34405	603
34408	604
34416	605
34426	606
34429	607
34500	608
34541	609
34556	610
34561	611
34563	612
34564	613
34864	614
34865	615
34866	616
34868	617
34870	618
34872	619
35829	620
35843	621
35847	622
35848	623
35849	624
35961	625
35961	626
35961	627
35962	628
35963	629
36024	630
36025	631
36026	632
36026	633
36026	634
36134	635
36137	636
36156	637
36163	638
36172	639
36193	640
36202	641
36220	642
36223	643
36227	644
37095	645
37100	646
37106	647
37113	648
37124	649
37137	650
37785	651
37791	652
37804	653
37805	654
37827	655
38247	656
38248	657
38249	658
38249	659
38249	660
38811	661
38825	662
38834	663
38835	664
38838	665
39080	666
39086	667
39090	668
39097	669
39102	670
39306	671
39309	672
39320	673
39324	674
39333	675
39451	676
39464	677
39467	678
39467	679
39468	680
40447	681
40449	682
40450	683
40452	684
40463	685
40607	686
40609	687
40610	688
40610	689
40611	690
40858	691
40859	692
40862	693
40864	694
40865	695
40928	696
40929	697
40930	698
40931	699
40932	700
40934	701
41069	702
41075	703
41090	704
41090	705
41093	706
41186	707
41190	708
41197	709
41201	710
41203	711
41205	712
42150	713
42152	714
42156	715
42173	716
42177	717
42255	718
42262	719
42265	720
42271	721
42286	722
42647	723
42659	724
42668	725
42673	726
42677	727
43448	728
43448	729
43448	730
43449	731
43453	732
43948	733
43955	734
43957	735
43958	736
43959	737
44024	738
44026	739
44026	740
44027	741
44028	742
44573	743
44577	744
44581	745
44585	746
44586	747
44807	748
44810	749
44813	750
44817	751
44820	752
44904	753
44904	754
44904	755
44904	756
44904	757
44904	758
45782	759
45787	760
45789	761
45796	762
45797	763
45966	764
45969	765
45970	766
45975	767
45977	768
46169	769
46171	770
46173	771
46178	772
46181	773
46415	774
46420	775
46422	776
46434	777
46436	778
47108	779
47118	780
47119	781
47119	782
47123	783
47339	784
47339	785
47339	786
47339	787
47340	788
47509	789
47510	790
47510	791
47510	792
47510	793
47539	794
47545	795
47560	796
47567	797
47569	798
47574	799
47849	800
47853	801
47855	802
47856	803
47858	804
47859	805
48751	806
48756	807
48762	808
48771	809
48776	810
48847	811
48853	812
48860	813
48866	814
48867	815
49575	816
49609	817
49610	818
49610	819
49610	820
49839	821
49871	822
49873	823
49886	824
49905	825
50166	826
50170	827
50175	828
50180	829
50187	830
50190	831
50249	832
50251	833
50265	834
50271	835
50277	836
50660	837
50662	838
50665	839
50675	840
50678	841
50682	842
50932	843
50933	844
50941	845
50942	846
50942	847
51161	848
51164	849
51165	850
51166	851
51168	852
52005	853
52031	854
52054	855
52057	856
52060	857
52643	858
52645	859
52647	860
52647	861
52647	862
52651	863
52928	864
52936	865
52945	866
52948	867
52949	868
53291	869
53292	870
53293	871
53293	872
53294	873
53294	874
54395	875
54398	876
54406	877
54410	878
54425	879
55031	880
55032	881
55033	882
55035	883
55036	884
55708	885
55719	886
55732	887
55750	888
55758	889
56032	890
56036	891
56037	892
56040	893
56042	894
56313	895
56317	896
56320	897
56324	898
56331	899
57061	900
57077	901
57078	902
57078	903
57083	904
57232	905
57238	906
57244	907
57245	908
57264	909
57348	910
57356	911
57365	912
57367	913
57368	914
57905	915
57907	916
57910	917
57914	918
57917	919
58070	920
58072	921
58075	922
58077	923
58081	924
58164	925
58186	926
58187	927
58187	928
58190	929
58844	930
58849	931
58850	932
58852	933
58857	934
58888	935
58898	936
58903	937
58914	938
58914	939
59316	940
59319	941
59322	942
59327	943
59329	944
59749	945
59749	946
59749	947
59751	948
59753	949
60574	950
60577	951
60581	952
60584	953
60618	954
60625	955
60630	956
60632	957
60639	958
60641	959
60936	960
60939	961
60940	962
60940	963
60940	964
61341	965
61341	966
61341	967
61342	968
61342	969
61343	970
61874	971
61875	972
61879	973
61884	974
61887	975
61902	976
62144	977
62170	978
62177	979
62180	980
62182	981
62472	982
62480	983
62485	984
62491	985
62507	986
62649	987
62670	988
62675	989
62677	990
62684	991
63123	992
63125	993
63125	994
63125	995
63126	996
63816	997
63834	998
63835	999
63837	1000
63837	1001
