0	0
260	1
274	2
293	3
318	4
344	5
397	6
418	7
490	8
527	9
611	10
672	11
678	12
751	13
758	14
791	15
800	16
843	17
904	18
930	19
1008	20
1022	21
1047	22
1093	23
1113	24
1137	25
1139	26
1249	27
1294	28
1320	29
1324	30
1351	31
1353	32
1355	33
1487	34
1530	35
1569	36
1594	37
1627	38
1639	39
1641	40
1668	41
1668	42
1690	43
1845	44
1870	45
1895	46
1928	47
1940	48
1966	49
1973	50
2012	51
2015	52
2022	53
2160	54
2166	55
2203	56
2209	57
2223	58
2228	59
2259	60
2283	61
2317	62
2399	63
2456	64
2486	65
2497	66
2555	67
2556	68
2568	69
2640	70
2659	71
2674	72
2710	73
2827	74
2847	75
2877	76
2892	77
2932	78
3007	79
3023	80
3066	81
3126	82
3169	83
3195	84
3198	85
3199	86
3238	87
3261	88
3282	89
3365	90
3373	91
3389	92
3433	93
3478	94
3501	95
3513	96
3538	97
3561	98
3623	99
3682	100
3737	101
3854	102
3860	103
3872	104
3938	105
3942	106
3961	107
3965	108
3971	109
4017	110
4052	111
4103	112
4147	113
4245	114
4253	115
4270	116
4272	117
4300	118
4313	119
4332	120
4393	121
4414	122
4440	123
4539	124
4576	125
4582	126
4601	127
4603	128
4714	129
4757	130
4759	131
4777	132
4785	133
4823	134
4870	135
4913	136
4934	137
5011	138
5031	139
5058	140
5059	141
5112	142
5116	143
5138	144
5157	145
5237	146
5310	147
5353	148
5467	149
5496	150
5518	151
5536	152
5554	153
5563	154
5619	155
5736	156
5786	157
5909	158
5955	159
6023	160
6040	161
6050	162
6062	163
6071	164
6196	165
6198	166
6208	167
6209	168
6285	169
6326	170
6419	171
6475	172
6519	173
6521	174
6542	175
6586	176
6650	177
6667	178
6720	179
6723	180
6727	181
6733	182
6850	183
6860	184
6880	185
6904	186
6995	187
7076	188
7079	189
7135	190
7139	191
7233	192
7248	193
7341	194
7347	195
7452	196
7479	197
7497	198
7605	199
7666	200
7724	201
7800	202
7807	203
7809	204
7868	205
7893	206
7965	207
7978	208
8052	209
8093	210
8172	211
8203	212
8291	213
8364	214
8391	215
8414	216
8462	217
8491	218
8492	219
8603	220
8654	221
8757	222
8808	223
8889	224
8943	225
8948	226
8962	227
8980	228
9029	229
9053	230
9067	231
9193	232
9249	233
9344	234
9365	235
9382	236
9384	237
9413	238
9459	239
9529	240
9601	241
9638	242
9831	243
9832	244
9834	245
9836	246
9840	247
9865	248
9916	249
9929	250
10029	251
10072	252
10172	253
10277	254
10285	255
10346	256
10402	257
10488	258
10503	259
10512	260
10524	261
10658	262
10690	263
10728	264
10876	265
10922	266
10938	267
10960	268
10995	269
11001	270
11004	271
11085	272
11175	273
11202	274
11219	275
11329	276
11395	277
11434	278
11439	279
11501	280
11594	281
11599	282
11663	283
11818	284
11887	285
11939	286
11952	287
11959	288
12053	289
12082	290
12085	291
12172	292
12193	293
12392	294
12501	295
12526	296
12534	297
12549	298
12684	299
12754	300
12805	301
12865	302
12933	303
12950	304
13302	305
13335	306
13403	307
13441	308
13601	309
13607	310
13753	311
13835	312
14030	313
14081	314
14143	315
14144	316
14314	317
14346	318
14405	319
14478	320
14495	321
14670	322
14695	323
14838	324
14866	325
14981	326
14992	327
15135	328
15168	329
15186	330
15276	331
15278	332
15445	333
15560	334
15640	335
15683	336
15878	337
15884	338
15898	339
15933	340
16183	341
16201	342
16309	343
16349	344
16407	345
16626	346
16789	347
16794	348
16935	349
17162	350
17258	351
17303	352
17593	353
17886	354
17962	355
17984	356
18100	357
18225	358
18294	359
18297	360
18298	361
18371	362
18560	363
18698	364
18869	365
19040	366
19075	367
19104	368
19273	369
19292	370
19318	371
19377	372
19790	373
19793	374
19841	375
19872	376
20032	377
20204	378
20480	379
20551	380
20623	381
20656	382
20708	383
20732	384
20977	385
21284	386
21342	387
21549	388
21780	389
21879	390
21903	391
21944	392
21970	393
22043	394
22153	395
22375	396
22549	397
22742	398
22812	399
22890	400
22985	401
23000	402
23001	403
23075	404
23108	405
23199	406
23200	407
23453	408
23535	409
23670	410
23724	411
23761	412
23940	413
23996	414
24048	415
24308	416
24482	417
24494	418
24600	419
24726	420
24748	421
24779	422
24795	423
24809	424
25005	425
25032	426
25252	427
25254	428
25340	429
25357	430
25509	431
25635	432
25832	433
25842	434
26422	435
26425	436
26451	437
26579	438
26806	439
26969	440
27041	441
27093	442
27095	443
27292	444
27388	445
27436	446
27472	447
27544	448
27638	449
27711	450
27854	451
27892	452
27951	453
27955	454
28014	455
28140	456
28278	457
28305	458
28400	459
28487	460
28596	461
28662	462
28692	463
28761	464
29065	465
29102	466
29286	467
29356	468
29431	469
29640	470
29715	471
29787	472
29788	473
29831	474
29848	475
29948	476
30045	477
30068	478
30292	479
30324	480
30410	481
30436	482
30613	483
30672	484
30769	485
30781	486
30900	487
30951	488
31042	489
31155	490
31160	491
31275	492
31387	493
31586	494
31718	495
31727	496
31752	497
31868	498
31891	499
31951	500
31984	501
32179	502
32225	503
32304	504
32306	505
32316	506
32327	507
32371	508
32380	509
32475	510
32619	511
32697	512
32710	513
32740	514
32777	515
32793	516
32843	517
32914	518
32945	519
33021	520
33061	521
33073	522
33327	523
33367	524
33425	525
33520	526
33555	527
33560	528
33585	529
33608	530
33628	531
33663	532
33691	533
33694	534
33761	535
33782	536
33964	537
33982	538
33995	539
34273	540
34329	541
34361	542
34492	543
34538	544
34747	545
34847	546
34858	547
34873	548
34970	549
35006	550
35022	551
35032	552
35036	553
35091	554
35321	555
35398	556
35417	557
35471	558
35507	559
35521	560
35611	561
35668	562
35719	563
35736	564
35779	565
35813	566
35842	567
35917	568
36288	569
36373	570
36378	571
36596	572
36622	573
36703	574
36713	575
36824	576
36874	577
36909	578
36954	579
37191	580
37519	581
37541	582
37718	583
37857	584
37901	585
37944	586
38001	587
38059	588
38249	589
38372	590
38396	591
38402	592
38518	593
38628	594
38747	595
39004	596
39010	597
39016	598
39162	599
39248	600
39303	601
39512	602
39530	603
39655	604
39689	605
39691	606
39814	607
40024	608
40079	609
40144	610
40182	611
40196	612
40208	613
40241	614
40247	615
40275	616
40356	617
40466	618
40489	619
40604	620
40643	621
40717	622
40721	623
40798	624
40805	625
40980	626
41016	627
41088	628
41122	629
41194	630
41290	631
41341	632
41378	633
41500	634
41717	635
41750	636
41769	637
41806	638
41846	639
41852	640
41902	641
42011	642
42171	643
42268	644
42335	645
42364	646
42380	647
42437	648
42616	649
42637	650
42788	651
42807	652
42965	653
42970	654
43020	655
43041	656
43121	657
43144	658
43156	659
43215	660
43318	661
43426	662
43522	663
43694	664
43700	665
43701	666
43881	667
43966	668
44087	669
44169	670
44209	671
44226	672
44312	673
44337	674
44392	675
44413	676
44442	677
44514	678
44567	679
44575	680
44727	681
44804	682
44877	683
45049	684
45069	685
45140	686
45212	687
45315	688
45364	689
45404	690
45426	691
45465	692
45477	693
45526	694
45571	695
45636	696
45714	697
45863	698
45884	699
45900	700
46103	701
46128	702
46184	703
46214	704
46323	705
46413	706
46578	707
46597	708
46610	709
46622	710
46659	711
46674	712
46728	713
46878	714
46961	715
47035	716
47059	717
47089	718
47089	719
47148	720
47200	721
47298	722
47417	723
47460	724
47478	725
47559	726
47586	727
47659	728
47744	729
47785	730
47804	731
47953	732
48084	733
48190	734
48192	735
48194	736
48255	737
48264	738
48335	739
48366	740
48401	741
48617	742
48649	743
48675	744
48708	745
48777	746
48793	747
48972	748
49087	749
49105	750
49113	751
49180	752
49224	753
49287	754
49357	755
49409	756
49460	757
49690	758
49703	759
49803	760
49868	761
49990	762
50105	763
50185	764
50257	765
50404	766
50504	767
50528	768
50531	769
50771	770
50777	771
50807	772
50865	773
50913	774
50982	775
51061	776
51125	777
51448	778
51499	779
51513	780
51554	781
51580	782
51658	783
51691	784
51702	785
51766	786
51901	787
51955	788
51963	789
51987	790
52003	791
52024	792
52082	793
52353	794
52615	795
52720	796
52729	797
52742	798
52789	799
53105	800
53345	801
53527	802
53552	803
53557	804
53634	805
53715	806
53862	807
53995	808
54067	809
54102	810
54102	811
54200	812
54809	813
54811	814
54903	815
55010	816
55142	817
55150	818
55228	819
55552	820
55677	821
55762	822
55817	823
55898	824
56002	825
56030	826
56274	827
56438	828
56506	829
56579	830
56581	831
56633	832
56636	833
56710	834
56813	835
56941	836
56988	837
57035	838
57056	839
57139	840
57329	841
57386	842
57438	843
57591	844
57733	845
57746	846
57776	847
57818	848
57942	849
57976	850
58084	851
58160	852
58204	853
58403	854
58442	855
58453	856
58462	857
58584	858
58625	859
58632	860
58735	861
58752	862
58815	863
59153	864
59291	865
59423	866
59427	867
59568	868
59582	869
59649	870
59681	871
59799	872
59952	873
60059	874
60113	875
60115	876
60211	877
60292	878
60295	879
60303	880
60373	881
60449	882
60544	883
60621	884
60752	885
60912	886
60928	887
60935	888
61070	889
61113	890
61117	891
61129	892
61301	893
61374	894
61383	895
61409	896
61652	897
61652	898
61671	899
61780	900
61798	901
61800	902
61909	903
61981	904
62073	905
62156	906
62227	907
62301	908
62420	909
62463	910
62518	911
62594	912
62722	913
62759	914
62760	915
62816	916
62890	917
62894	918
63052	919
63059	920
63104	921
63109	922
63131	923
63178	924
63205	925
63258	926
63302	927
63304	928
63440	929
63477	930
63498	931
63586	932
63614	933
63616	934
63651	935
63698	936
63803	937
63869	938
63873	939
63923	940
63973	941
64100	942
64104	943
64121	944
64346	945
64420	946
64515	947
64549	948
64588	949
64660	950
64661	951
64691	952
64773	953
64875	954
64885	955
65002	956
65022	957
65063	958
65094	959
65162	960
65457	961
65465	962
65495	963
65546	964
65760	965
65770	966
65795	967
65821	968
65839	969
65981	970
66287	971
66496	972
66508	973
66508	974
66678	975
66685	976
66747	977
66836	978
66929	979
66952	980
67291	981
67445	982
67450	983
67453	984
67490	985
67534	986
67625	987
67700	988
67849	989
67852	990
67899	991
67960	992
67969	993
68300	994
68324	995
68326	996
68344	997
68483	998
68500	999
68500	1000
